2026-03-30 16:01:42,074 - ERROR - ['email']
2026-03-30 16:06:49,381 - ERROR - ['email']
2026-03-30 16:07:16,532 - ERROR - ['email']
2026-03-30 16:07:26,781 - ERROR - ['email']
2026-03-30 16:14:56,719 - ERROR - ['email']
2026-03-30 16:17:24,594 - ERROR - Full error:
Traceback (most recent call last):
  File "C:\Users\hp\Desktop\auto\main.py", line 65, in upload_csv
    df = clean_csv_from_df(df)
         ^^^^^^^^^^^^^^^^^^^^^
  File "C:\Users\hp\Desktop\auto\csv_cleaning.py", line 13, in clean_csv_from_df
    df = df.dropna(subset=['name', 'email', 'company'])
         ^^^^^^^^^^^^^^^^^^^^^^^^^^^^^^^^^^^^^^^^^^^^^^
  File "C:\Users\hp\Desktop\auto\myenv\Lib\site-packages\pandas\core\frame.py", line 7789, in dropna
    raise KeyError(np.array(subset)[check].tolist())
KeyError: ['email']
2026-03-30 16:19:55,778 - INFO - Email sent to radhikavishwakrama19@gmail.com
2026-03-30 16:20:00,097 - INFO - Email sent to dubeyn894@gmail.com
2026-03-30 17:03:47,741 - INFO - Email sent to arjun.verma@gmail.com
2026-03-30 17:03:52,347 - INFO - Email sent to priya.sharma@yahoo.com
2026-03-30 17:03:57,402 - INFO - Email sent to rohit.singh@gmail.com
2026-03-30 17:04:01,753 - INFO - Email sent to amit.patel@gmail.com
2026-03-30 17:04:06,061 - INFO - Email sent to sneha.iyer@outlook.com
2026-03-30 17:04:10,580 - INFO - Email sent to rahul.mehta@gmail.com
2026-03-30 17:04:16,338 - INFO - Email sent to pooja.verma@gmail.com
2026-03-30 17:04:20,817 - INFO - Email sent to karan.malhotra@gmail.com
2026-03-30 17:04:24,997 - INFO - Email sent to anjali.singh@gmail.com
2026-03-30 17:04:29,258 - INFO - Email sent to ritu.sharma@gmail.com
2026-03-30 17:04:34,254 - INFO - Email sent to manish.kumar@gmail.com
2026-03-30 17:04:39,092 - INFO - Email sent to deepak.verma@gmail.com
2026-03-30 17:04:43,902 - INFO - Email sent to suresh.reddy@gmail.com
2026-03-30 17:04:48,890 - INFO - Email sent to nisha.patel@gmail.com
2026-03-30 17:04:53,835 - INFO - Email sent to ankit.jain@gmail.com
2026-03-30 17:04:58,620 - INFO - Email sent to meena.gupta@gmail.com
2026-03-30 17:05:03,379 - INFO - Email sent to rajesh.singh@gmail.com
2026-03-30 17:05:07,740 - INFO - Email sent to kavita.sharma@gmail.com
2026-03-30 17:05:12,310 - INFO - Email sent to aakash.verma@gmail.com
2026-03-30 17:05:17,136 - INFO - Email sent to pankaj.yadav@gmail.com
2026-03-30 17:05:21,947 - INFO - Email sent to sonal.mehta@gmail.com
2026-03-30 17:05:27,161 - INFO - Email sent to divya.sharma@gmail.com
2026-03-30 17:05:32,085 - INFO - Email sent to tarun.singh@gmail.com
2026-03-30 17:05:36,991 - INFO - Email sent to simran.kaur@gmail.com
2026-03-30 17:05:41,897 - INFO - Email sent to vivek.patel@gmail.com
2026-03-30 17:05:46,170 - INFO - Email sent to anu.verma@gmail.com
2026-03-30 17:05:50,190 - INFO - Email sent to nitin.kumar@gmail.com
2026-03-30 17:05:54,621 - INFO - Email sent to shreya.gupta@gmail.com
2026-03-30 17:05:59,993 - INFO - Email sent to abhishek.singh@gmail.com
2026-03-30 17:06:04,156 - INFO - Email sent to pooja.sharma@gmail.com
2026-03-30 17:06:08,657 - INFO - Email sent to neeraj.yadav@gmail.com
2026-03-30 17:06:13,138 - INFO - Email sent to alok.verma@gmail.com
2026-03-30 17:06:19,898 - INFO - Email sent to sakshi.mehta@gmail.com
2026-03-30 17:06:24,137 - INFO - Email sent to gaurav.singh@gmail.com
2026-03-30 17:06:28,365 - INFO - Email sent to payal.gupta@gmail.com
2026-03-30 17:06:32,368 - INFO - Email sent to vishal.kumar@gmail.com
2026-03-30 17:06:36,350 - INFO - Email sent to ritika.sharma@gmail.com
2026-03-30 17:06:40,333 - INFO - Email sent to aman.patel@gmail.com
2026-03-30 17:06:44,259 - INFO - Email sent to komal.verma@gmail.com
2026-03-30 17:06:48,215 - INFO - Email sent to sunil.yadav@gmail.com
2026-03-30 17:06:52,433 - INFO - Email sent to jyoti.singh@gmail.com
2026-03-30 17:06:57,030 - INFO - Email sent to kiran.mehta@gmail.com
2026-03-31 13:01:33,972 - ERROR - Full error:
Traceback (most recent call last):
  File "C:\Users\hp\Desktop\auto\app\router\main2.py", line 78, in upload_csv
    success = send_with_retry(lead)
              ^^^^^^^^^^^^^^^^^^^^^
TypeError: send_with_retry() missing 2 required positional arguments: 'user' and 'real_password'
2026-03-31 13:05:29,084 - ERROR - Full error:
Traceback (most recent call last):
  File "C:\Users\hp\Desktop\auto\app\router\main2.py", line 78, in upload_csv
    success = send_with_retry(lead)
              ^^^^^^^^^^^^^^^^^^^^^
TypeError: send_with_retry() missing 2 required positional arguments: 'user' and 'real_password'
2026-03-31 13:09:57,562 - INFO - Email sent to radhikavishwakrama19@gmail.com
2026-03-31 13:10:03,056 - INFO - Email sent to dubeyn894@gmail.com
